Begin: Loading essential drivers ... done.
Begin: Running /scripts/init-premount ... done.
Begin: Mounting root file system ... Begin: Running /scripts/local-top ... done.
Begin: Running /scripts/local-premount ... done.
Begin: Running /scripts/local-bottom ... done.
done.
Begin: Running /scripts/init-bottom ... done.
 * Starting Mount filesystems on boot[74G[ OK ]
 * Starting Populate /dev filesystem[74G[ OK ]
 * Starting Populate and link to /run filesystem[74G[ OK ]
 * Stopping Populate and link to /run filesystem[74G[ OK ]
 * Stopping Populate /dev filesystem[74G[ OK ]
 * Stopping Track if upstart is running in a container[74G[ OK ]
 * Starting Initialize or finalize resolvconf[74G[ OK ]
 * Starting Signal sysvinit that the rootfs is mounted[74G[ OK ]
 * Starting Clean /tmp directory[74G[ OK ]
 * Stopping Clean /tmp directory[74G[ OK ]
Cloud-init v. 0.7.5 running 'init-local' at Mon, 05 Sep 2016 23:57:04 +0000. Up 5.94 seconds.
cloud-init-nonet[6.23]: waiting 10 seconds for network device
 * Starting set console keymap[74G[ OK ]
 * Starting Signal sysvinit that virtual filesystems are mounted[74G[ OK ]
 * Starting Signal sysvinit that virtual filesystems are mounted[74G[ OK ]
 * Starting set sysctls from /etc/sysctl.conf[74G[ OK ]
 * Starting Bridge udev events into upstart[74G[ OK ]
 * Starting device node and kernel event manager[74G[ OK ]
 * Starting Signal sysvinit that remote filesystems are mounted[74G[ OK ]
 * Stopping set sysctls from /etc/sysctl.conf[74G[ OK ]
 * Starting cold plug devices[74G[ OK ]
 * Starting log initial device creation[74G[ OK ]
 * Stopping set console keymap[74G[ OK ]
 * Starting Uncomplicated firewall[74G[ OK ]
 * Starting configure network device security[74G[ OK ]
 * Starting configure network device security[74G[ OK ]
 * Starting Mount network filesystems[74G[ OK ]
 * Stopping Mount network filesystems[74G[ OK ]
 * Starting Bridge socket events into upstart[74G[ OK ]
 * Starting configure network device[74G[ OK ]
 * Starting Mount network filesystems[74G[ OK ]
 * Stopping Mount network filesystems[74G[ OK ]
cloud-init-nonet[7.79]: static networking is now up
 * Starting configure network device[74G[ OK ]
Cloud-init v. 0.7.5 running 'init' at Mon, 05 Sep 2016 23:57:06 +0000. Up 8.16 seconds.
ci-info: +++++++++++++++++++++++++++Net device info+++++++++++++++++++++++++++
ci-info: +--------+------+---------------+---------------+-------------------+
ci-info: | Device |  Up  |    Address    |      Mask     |     Hw-Address    |
ci-info: +--------+------+---------------+---------------+-------------------+
ci-info: |   lo   | True |   127.0.0.1   |   255.0.0.0   |         .         |
ci-info: |  eth0  | True | 172.31.36.132 | 255.255.240.0 | 06:56:1b:9d:f4:4d |
ci-info: +--------+------+---------------+---------------+-------------------+
ci-info: +++++++++++++++++++++++++++++++Route info++++++++++++++++++++++++++++++++
ci-info: +-------+-------------+-------------+---------------+-----------+-------+
ci-info: | Route | Destination |   Gateway   |    Genmask    | Interface | Flags |
ci-info: +-------+-------------+-------------+---------------+-----------+-------+
ci-info: |   0   |   0.0.0.0   | 172.31.32.1 |    0.0.0.0    |    eth0   |   UG  |
ci-info: |   1   | 172.31.32.0 |   0.0.0.0   | 255.255.240.0 |    eth0   |   U   |
ci-info: +-------+-------------+-------------+---------------+-----------+-------+
 * Stopping cold plug devices[74G[ OK ]
 * Stopping log initial device creation[74G[ OK ]
 * Starting enable remaining boot-time encrypted block devices[74G[ OK ]
Generating public/private rsa key pair.
Your identification has been saved in /etc/ssh/ssh_host_rsa_key.
Your public key has been saved in /etc/ssh/ssh_host_rsa_key.pub.
The key fingerprint is:
c0:04:78:d2:e7:4e:26:59:39:64:91:3f:55:87:75:a4 root@ip-172-31-36-132
The key's randomart image is:
+--[ RSA 2048]----+
|   o.o=+   ..oo.o|
|  o o+*   . .. o |
|   o =oo .    E  |
|    o +.o        |
|     =  S.       |
|      .          |
|                 |
|                 |
|                 |
+-----------------+
Generating public/private dsa key pair.
Your identification has been saved in /etc/ssh/ssh_host_dsa_key.
Your public key has been saved in /etc/ssh/ssh_host_dsa_key.pub.
The key fingerprint is:
5d:4b:e2:1f:ce:4b:09:93:c0:56:61:bb:51:d0:e3:f5 root@ip-172-31-36-132
The key's randomart image is:
+--[ DSA 1024]----+
|          =+.    |
|       . o oo .  |
|        + +.oo . |
|       . + B..  E|
|        S B o    |
|           * o   |
|            *    |
|           . .   |
|            .    |
+-----------------+
Generating public/private ecdsa key pair.
Your identification has been saved in /etc/ssh/ssh_host_ecdsa_key.
Your public key has been saved in /etc/ssh/ssh_host_ecdsa_key.pub.
The key fingerprint is:
7a:b2:27:4d:79:f5:67:e7:15:57:04:3f:3e:e5:c6:e4 root@ip-172-31-36-132
The key's randomart image is:
+--[ECDSA  256]---+
|              .o.|
|               ..|
|               .=|
|            . .*+|
|        S. . . oE|
|       .o .   ..*|
|      oo..     +o|
|      .+o       .|
|      .o         |
+-----------------+
Generating public/private ed25519 key pair.
Your identification has been saved in /etc/ssh/ssh_host_ed25519_key.
Your public key has been saved in /etc/ssh/ssh_host_ed25519_key.pub.
The key fingerprint is:
87:d5:c4:44:97:e7:32:c4:cc:97:e8:d5:f0:21:72:30 root@ip-172-31-36-132
The key's randomart image is:
+--[ED25519  256--+
|           E=*++o|
|           o=oB+=|
|          . o..+.|
|         o   .o .|
|        S .    o |
|         .       |
|                 |
|                 |
|                 |
+-----------------+
 * Starting Signal sysvinit that local filesystems are mounted[74G[ OK ]
 * Starting configure network device security[74G[ OK ]
 * Stopping Mount filesystems on boot[74G[ OK ]
 * Starting Flush boot log to disk[74G[ OK ]
 * Starting flush early job output to logs[74G[ OK ]
 * Stopping Failsafe Boot Delay[74G[ OK ]
 * Starting System V initialisation compatibility[74G[ OK ]
 * Stopping flush early job output to logs[74G[ OK ]
 * Starting configure virtual network devices[74G[ OK ]
 * Starting Seed the pseudo random number generator on first boot[74G[ OK ]
 * Starting D-Bus system message bus[74G[ OK ]
 * Starting SystemD login management service[74G[ OK ]
 * Stopping Seed the pseudo random number generator on first boot[74G[ OK ]
 * Starting Bridge file events into upstart[74G[ OK ]
 * Starting system logging daemon[74G[ OK ]
 * Starting Handle applying cloud-config[74G[ OK ]
 * Stopping Flush boot log to disk[74G[ OK ]
 * Starting early crypto disks...       [80G [74G[ OK ]
Skipping profile in /etc/apparmor.d/disable: usr.sbin.rsyslogd
Cloud-init v. 0.7.5 running 'modules:config' at Mon, 05 Sep 2016 23:57:10 +0000. Up 12.03 seconds.
 * Starting AppArmor profiles       [80G [74G[ OK ]
 * Stopping System V initialisation compatibility[74G[ OK ]
 * Starting System V runlevel compatibility[74G[ OK ]
 * Starting ACPI daemon[74G[ OK ]
 * Starting regular background program processing daemon[74G[ OK ]
 * Starting deferred execution scheduler[74G[ OK ]
 * Starting OpenSSH server[74G[ OK ]
 * Stopping CPU interrupts balancing daemon[74G[ OK ]
 * Starting automatic crash report generation[74G[ OK ]
open-vm-tools: not starting as this is not a VMware VM
landscape-client is not configured, please run landscape-config.
Generating locales...
 * Restoring resolver state...       [80G [74G[ OK ]
  en_US.UTF-8... up-to-date
Generation complete.
 * Stopping System V runlevel compatibility[74G[ OK ]
